# JRE version: OpenJDK Runtime Environment (7.0_95) (build 1.7.0_95-b00)
# Java VM: OpenJDK 64-Bit Server VM (24.95-b01 mixed mode linux-amd64 compressed oops)
Heap
 PSYoungGen      total 423424K, used 25087K [0x00000007d6500000, 0x00000007f1e00000, 0x0000000800000000)
  eden space 398336K, 0% used [0x00000007d6500000,0x00000007d6500000,0x00000007eea00000)
  from space 25088K, 99% used [0x00000007eea00000,0x00000007f027fde8,0x00000007f0280000)
  to   space 22016K, 0% used [0x00000007f0280000,0x00000007f0280000,0x00000007f1800000)
 ParOldGen       total 136704K, used 48215K [0x0000000783000000, 0x000000078b580000, 0x00000007d6500000)
  object space 136704K, 35% used [0x0000000783000000,0x0000000785f15f20,0x000000078b580000)
 PSPermGen       total 21504K, used 18709K [0x0000000778a00000, 0x0000000779f00000, 0x0000000783000000)
  object space 21504K, 87% used [0x0000000778a00000,0x0000000779c456c0,0x0000000779f00000)
GC Heap History (10 events):
Event: 19.960 GC heap after
Heap after GC invocations=4 (full 0):
 PSYoungGen      total 110080K, used 8163K [0x00000007d6500000, 0x00000007dd880000, 0x0000000800000000)
  eden space 101888K, 0% used [0x00000007d6500000,0x00000007d6500000,0x00000007dc880000)
  from space 8192K, 99% used [0x00000007dd080000,0x00000007dd878eb0,0x00000007dd880000)
  to   space 8192K, 0% used [0x00000007dc880000,0x00000007dc880000,0x00000007dd080000)
 ParOldGen       total 136704K, used 6312K [0x0000000783000000, 0x000000078b580000, 0x00000007d6500000)
  object space 136704K, 4% used [0x0000000783000000,0x000000078362a300,0x000000078b580000)
 PSPermGen       total 21504K, used 16964K [0x0000000778a00000, 0x0000000779f00000, 0x0000000783000000)
  object space 21504K, 78% used [0x0000000778a00000,0x0000000779a91050,0x0000000779f00000)
}
Event: 20.708 GC heap before
{Heap before GC invocations=5 (full 0):
 PSYoungGen      total 110080K, used 104945K [0x00000007d6500000, 0x00000007dd880000, 0x0000000800000000)
  eden space 101888K, 94% used [0x00000007d6500000,0x00000007dc383760,0x00000007dc880000)
  from space 8192K, 99% used [0x00000007dd080000,0x00000007dd878eb0,0x00000007dd880000)
  to   space 8192K, 0% used [0x00000007dc880000,0x00000007dc880000,0x00000007dd080000)
 ParOldGen       total 136704K, used 6312K [0x0000000783000000, 0x000000078b580000, 0x00000007d6500000)
  object space 136704K, 4% used [0x0000000783000000,0x000000078362a300,0x000000078b580000)
 PSPermGen       total 21504K, used 18552K [0x0000000778a00000, 0x0000000779f00000, 0x0000000783000000)
  object space 21504K, 86% used [0x0000000778a00000,0x0000000779c1e1c8,0x0000000779f00000)
Event: 20.743 GC heap after
Heap after GC invocations=5 (full 0):
 PSYoungGen      total 110080K, used 8181K [0x00000007d6500000, 0x00000007e5000000, 0x0000000800000000)
  eden space 101888K, 0% used [0x00000007d6500000,0x00000007d6500000,0x00000007dc880000)
  from space 8192K, 99% used [0x00000007dc880000,0x00000007dd07d698,0x00000007dd080000)
  to   space 18432K, 0% used [0x00000007e3e00000,0x00000007e3e00000,0x00000007e5000000)
 ParOldGen       total 136704K, used 13826K [0x0000000783000000, 0x000000078b580000, 0x00000007d6500000)
  object space 136704K, 10% used [0x0000000783000000,0x0000000783d809d0,0x000000078b580000)
 PSPermGen       total 21504K, used 18552K [0x0000000778a00000, 0x0000000779f00000, 0x0000000783000000)
  object space 21504K, 86% used [0x0000000778a00000,0x0000000779c1e1c8,0x0000000779f00000)
}
Event: 22.769 GC heap before
{Heap before GC invocations=6 (full 0):
 PSYoungGen      total 110080K, used 110039K [0x00000007d6500000, 0x00000007e5000000, 0x0000000800000000)
  eden space 101888K, 99% used [0x00000007d6500000,0x00000007dc878710,0x00000007dc880000)
  from space 8192K, 99% used [0x00000007dc880000,0x00000007dd07d698,0x00000007dd080000)
  to   space 18432K, 0% used [0x00000007e3e00000,0x00000007e3e00000,0x00000007e5000000)
 ParOldGen       total 136704K, used 13826K [0x0000000783000000, 0x000000078b580000, 0x00000007d6500000)
  object space 136704K, 10% used [0x0000000783000000,0x0000000783d809d0,0x000000078b580000)
 PSPermGen       total 21504K, used 18596K [0x0000000778a00000, 0x0000000779f00000, 0x0000000783000000)
  object space 21504K, 86% used [0x0000000778a00000,0x0000000779c290e0,0x0000000779f00000)
Event: 22.784 GC heap after
Heap after GC invocations=6 (full 0):
 PSYoungGen      total 219136K, used 18387K [0x00000007d6500000, 0x00000007e5600000, 0x0000000800000000)
  eden space 200704K, 0% used [0x00000007d6500000,0x00000007d6500000,0x00000007e2900000)
  from space 18432K, 99% used [0x00000007e3e00000,0x00000007e4ff4d58,0x00000007e5000000)
  to   space 21504K, 0% used [0x00000007e2900000,0x00000007e2900000,0x00000007e3e00000)
 ParOldGen       total 136704K, used 14404K [0x0000000783000000, 0x000000078b580000, 0x00000007d6500000)
  object space 136704K, 10% used [0x0000000783000000,0x0000000783e11300,0x000000078b580000)
 PSPermGen       total 21504K, used 18596K [0x0000000778a00000, 0x0000000779f00000, 0x0000000783000000)
  object space 21504K, 86% used [0x0000000778a00000,0x0000000779c290e0,0x0000000779f00000)
}
Event: 29.112 GC heap before
{Heap before GC invocations=7 (full 0):
 PSYoungGen      total 219136K, used 219054K [0x00000007d6500000, 0x00000007e5600000, 0x0000000800000000)
  eden space 200704K, 99% used [0x00000007d6500000,0x00000007e28f6c48,0x00000007e2900000)
  from space 18432K, 99% used [0x00000007e3e00000,0x00000007e4ff4d58,0x00000007e5000000)
  to   space 21504K, 0% used [0x00000007e2900000,0x00000007e2900000,0x00000007e3e00000)
 ParOldGen       total 136704K, used 14404K [0x0000000783000000, 0x000000078b580000, 0x00000007d6500000)
  object space 136704K, 10% used [0x0000000783000000,0x0000000783e11300,0x000000078b580000)
 PSPermGen       total 21504K, used 18636K [0x0000000778a00000, 0x0000000779f00000, 0x0000000783000000)
  object space 21504K, 86% used [0x0000000778a00000,0x0000000779c330b8,0x0000000779f00000)
Event: 29.356 GC heap after
Heap after GC invocations=7 (full 0):
 PSYoungGen      total 222208K, used 14793K [0x00000007d6500000, 0x00000007f1800000, 0x0000000800000000)
  eden space 200704K, 0% used [0x00000007d6500000,0x00000007d6500000,0x00000007e2900000)
  from space 21504K, 68% used [0x00000007e2900000,0x00000007e3772500,0x00000007e3e00000)
  to   space 22016K, 0% used [0x00000007f0280000,0x00000007f0280000,0x00000007f1800000)
 ParOldGen       total 136704K, used 25600K [0x0000000783000000, 0x000000078b580000, 0x00000007d6500000)
  object space 136704K, 18% used [0x0000000783000000,0x00000007849000f0,0x000000078b580000)
 PSPermGen       total 21504K, used 18636K [0x0000000778a00000, 0x0000000779f00000, 0x0000000783000000)
  object space 21504K, 86% used [0x0000000778a00000,0x0000000779c330b8,0x0000000779f00000)
}
Event: 30.912 GC heap before
{Heap before GC invocations=8 (full 0):
 PSYoungGen      total 222208K, used 210165K [0x00000007d6500000, 0x00000007f1800000, 0x0000000800000000)
  eden space 200704K, 97% used [0x00000007d6500000,0x00000007e23cb188,0x00000007e2900000)
  from space 21504K, 68% used [0x00000007e2900000,0x00000007e3772500,0x00000007e3e00000)
  to   space 22016K, 0% used [0x00000007f0280000,0x00000007f0280000,0x00000007f1800000)
 ParOldGen       total 136704K, used 25600K [0x0000000783000000, 0x000000078b580000, 0x00000007d6500000)
  object space 136704K, 18% used [0x0000000783000000,0x00000007849000f0,0x000000078b580000)
 PSPermGen       total 21504K, used 18671K [0x0000000778a00000, 0x0000000779f00000, 0x0000000783000000)
  object space 21504K, 86% used [0x0000000778a00000,0x0000000779c3bcd0,0x0000000779f00000)
Event: 30.946 GC heap after
Heap after GC invocations=8 (full 0):
 PSYoungGen      total 420352K, used 22005K [0x00000007d6500000, 0x00000007f1e00000, 0x0000000800000000)
  eden space 398336K, 0% used [0x00000007d6500000,0x00000007d6500000,0x00000007eea00000)
  from space 22016K, 99% used [0x00000007f0280000,0x00000007f17fd4f0,0x00000007f1800000)
  to   space 25088K, 0% used [0x00000007eea00000,0x00000007eea00000,0x00000007f0280000)
 ParOldGen       total 136704K, used 36942K [0x0000000783000000, 0x000000078b580000, 0x00000007d6500000)
  object space 136704K, 27% used [0x0000000783000000,0x0000000785413990,0x000000078b580000)
 PSPermGen       total 21504K, used 18671K [0x0000000778a00000, 0x0000000779f00000, 0x0000000783000000)
  object space 21504K, 86% used [0x0000000778a00000,0x0000000779c3bcd0,0x0000000779f00000)
}
Event: 43.263 GC heap before
{Heap before GC invocations=9 (full 0):
 PSYoungGen      total 420352K, used 420240K [0x00000007d6500000, 0x00000007f1e00000, 0x0000000800000000)
  eden space 398336K, 99% used [0x00000007d6500000,0x00000007ee9e6b60,0x00000007eea00000)
  from space 22016K, 99% used [0x00000007f0280000,0x00000007f17fd4f0,0x00000007f1800000)
  to   space 25088K, 0% used [0x00000007eea00000,0x00000007eea00000,0x00000007f0280000)
 ParOldGen       total 136704K, used 36942K [0x0000000783000000, 0x000000078b580000, 0x00000007d6500000)
  object space 136704K, 27% used [0x0000000783000000,0x0000000785413990,0x000000078b580000)
 PSPermGen       total 21504K, used 18709K [0x0000000778a00000, 0x0000000779f00000, 0x0000000783000000)
  object space 21504K, 87% used [0x0000000778a00000,0x0000000779c456c0,0x0000000779f00000)

