# JRE version: OpenJDK Runtime Environment (7.0_95) (build 1.7.0_95-b00)
# Java VM: OpenJDK 64-Bit Server VM (24.95-b01 mixed mode linux-amd64 compressed oops)
Heap
 PSYoungGen      total 386048K, used 6743K [0x00000007d6500000, 0x00000007eed00000, 0x0000000800000000)
  eden space 370688K, 0% used [0x00000007d6500000,0x00000007d6500000,0x00000007ecf00000)
  from space 15360K, 43% used [0x00000007ecf00000,0x00000007ed595f30,0x00000007ede00000)
  to   space 15360K, 0% used [0x00000007ede00000,0x00000007ede00000,0x00000007eed00000)
 ParOldGen       total 136704K, used 57905K [0x0000000783000000, 0x000000078b580000, 0x00000007d6500000)
  object space 136704K, 42% used [0x0000000783000000,0x000000078688c408,0x000000078b580000)
 PSPermGen       total 21504K, used 18751K [0x0000000778a00000, 0x0000000779f00000, 0x0000000783000000)
  object space 21504K, 87% used [0x0000000778a00000,0x0000000779c4fff8,0x0000000779f00000)
GC Heap History (10 events):
Event: 247.219 GC heap after
Heap after GC invocations=10 (full 0):
 PSYoungGen      total 161280K, used 8491K [0x00000007d6500000, 0x00000007e1400000, 0x0000000800000000)
  eden space 144384K, 0% used [0x00000007d6500000,0x00000007d6500000,0x00000007df200000)
  from space 16896K, 50% used [0x00000007e0380000,0x00000007e0bcaee0,0x00000007e1400000)
  to   space 17408K, 0% used [0x00000007df200000,0x00000007df200000,0x00000007e0300000)
 ParOldGen       total 136704K, used 26127K [0x0000000783000000, 0x000000078b580000, 0x00000007d6500000)
  object space 136704K, 19% used [0x0000000783000000,0x0000000784983fc8,0x000000078b580000)
 PSPermGen       total 21504K, used 18622K [0x0000000778a00000, 0x0000000779f00000, 0x0000000783000000)
  object space 21504K, 86% used [0x0000000778a00000,0x0000000779c2fac0,0x0000000779f00000)
}
Event: 247.453 GC heap before
{Heap before GC invocations=11 (full 0):
 PSYoungGen      total 161280K, used 146199K [0x00000007d6500000, 0x00000007e1400000, 0x0000000800000000)
  eden space 144384K, 95% used [0x00000007d6500000,0x00000007deb7af50,0x00000007df200000)
  from space 16896K, 50% used [0x00000007e0380000,0x00000007e0bcaee0,0x00000007e1400000)
  to   space 17408K, 0% used [0x00000007df200000,0x00000007df200000,0x00000007e0300000)
 ParOldGen       total 136704K, used 26127K [0x0000000783000000, 0x000000078b580000, 0x00000007d6500000)
  object space 136704K, 19% used [0x0000000783000000,0x0000000784983fc8,0x000000078b580000)
 PSPermGen       total 21504K, used 18633K [0x0000000778a00000, 0x0000000779f00000, 0x0000000783000000)
  object space 21504K, 86% used [0x0000000778a00000,0x0000000779c32490,0x0000000779f00000)
Event: 247.465 GC heap after
Heap after GC invocations=11 (full 0):
 PSYoungGen      total 161792K, used 8747K [0x00000007d6500000, 0x00000007e6700000, 0x0000000800000000)
  eden space 144384K, 0% used [0x00000007d6500000,0x00000007d6500000,0x00000007df200000)
  from space 17408K, 50% used [0x00000007df200000,0x00000007dfa8aee0,0x00000007e0300000)
  to   space 16384K, 0% used [0x00000007e5700000,0x00000007e5700000,0x00000007e6700000)
 ParOldGen       total 136704K, used 34198K [0x0000000783000000, 0x000000078b580000, 0x00000007d6500000)
  object space 136704K, 25% used [0x0000000783000000,0x0000000785165860,0x000000078b580000)
 PSPermGen       total 21504K, used 18633K [0x0000000778a00000, 0x0000000779f00000, 0x0000000783000000)
  object space 21504K, 86% used [0x0000000778a00000,0x0000000779c32490,0x0000000779f00000)
}
Event: 248.238 GC heap before
{Heap before GC invocations=12 (full 0):
 PSYoungGen      total 161792K, used 151464K [0x00000007d6500000, 0x00000007e6700000, 0x0000000800000000)
  eden space 144384K, 98% used [0x00000007d6500000,0x00000007df05f1a0,0x00000007df200000)
  from space 17408K, 50% used [0x00000007df200000,0x00000007dfa8aee0,0x00000007e0300000)
  to   space 16384K, 0% used [0x00000007e5700000,0x00000007e5700000,0x00000007e6700000)
 ParOldGen       total 136704K, used 34198K [0x0000000783000000, 0x000000078b580000, 0x00000007d6500000)
  object space 136704K, 25% used [0x0000000783000000,0x0000000785165860,0x000000078b580000)
 PSPermGen       total 21504K, used 18657K [0x0000000778a00000, 0x0000000779f00000, 0x0000000783000000)
  object space 21504K, 86% used [0x0000000778a00000,0x0000000779c38498,0x0000000779f00000)
Event: 248.253 GC heap after
Heap after GC invocations=12 (full 0):
 PSYoungGen      total 246784K, used 9536K [0x00000007d6500000, 0x00000007e6600000, 0x0000000800000000)
  eden space 231424K, 0% used [0x00000007d6500000,0x00000007d6500000,0x00000007e4700000)
  from space 15360K, 62% used [0x00000007e5700000,0x00000007e60500e0,0x00000007e6600000)
  to   space 15872K, 0% used [0x00000007e4700000,0x00000007e4700000,0x00000007e5680000)
 ParOldGen       total 136704K, used 42817K [0x0000000783000000, 0x000000078b580000, 0x00000007d6500000)
  object space 136704K, 31% used [0x0000000783000000,0x00000007859d0740,0x000000078b580000)
 PSPermGen       total 21504K, used 18657K [0x0000000778a00000, 0x0000000779f00000, 0x0000000783000000)
  object space 21504K, 86% used [0x0000000778a00000,0x0000000779c38498,0x0000000779f00000)
}
Event: 254.137 GC heap before
{Heap before GC invocations=13 (full 0):
 PSYoungGen      total 246784K, used 240804K [0x00000007d6500000, 0x00000007e6600000, 0x0000000800000000)
  eden space 231424K, 99% used [0x00000007d6500000,0x00000007e46d90e8,0x00000007e4700000)
  from space 15360K, 62% used [0x00000007e5700000,0x00000007e60500e0,0x00000007e6600000)
  to   space 15872K, 0% used [0x00000007e4700000,0x00000007e4700000,0x00000007e5680000)
 ParOldGen       total 136704K, used 42817K [0x0000000783000000, 0x000000078b580000, 0x00000007d6500000)
  object space 136704K, 31% used [0x0000000783000000,0x00000007859d0740,0x000000078b580000)
 PSPermGen       total 21504K, used 18701K [0x0000000778a00000, 0x0000000779f00000, 0x0000000783000000)
  object space 21504K, 86% used [0x0000000778a00000,0x0000000779c43478,0x0000000779f00000)
Event: 254.157 GC heap after
Heap after GC invocations=13 (full 0):
 PSYoungGen      total 247296K, used 7659K [0x00000007d6500000, 0x00000007eed00000, 0x0000000800000000)
  eden space 231424K, 0% used [0x00000007d6500000,0x00000007d6500000,0x00000007e4700000)
  from space 15872K, 48% used [0x00000007e4700000,0x00000007e4e7ae00,0x00000007e5680000)
  to   space 15360K, 0% used [0x00000007ede00000,0x00000007ede00000,0x00000007eed00000)
 ParOldGen       total 136704K, used 43833K [0x0000000783000000, 0x000000078b580000, 0x00000007d6500000)
  object space 136704K, 32% used [0x0000000783000000,0x0000000785ace440,0x000000078b580000)
 PSPermGen       total 21504K, used 18701K [0x0000000778a00000, 0x0000000779f00000, 0x0000000783000000)
  object space 21504K, 86% used [0x0000000778a00000,0x0000000779c43478,0x0000000779f00000)
}
Event: 259.329 GC heap before
{Heap before GC invocations=14 (full 0):
 PSYoungGen      total 247296K, used 238891K [0x00000007d6500000, 0x00000007eed00000, 0x0000000800000000)
  eden space 231424K, 99% used [0x00000007d6500000,0x00000007e46cffe0,0x00000007e4700000)
  from space 15872K, 48% used [0x00000007e4700000,0x00000007e4e7ae00,0x00000007e5680000)
  to   space 15360K, 0% used [0x00000007ede00000,0x00000007ede00000,0x00000007eed00000)
 ParOldGen       total 136704K, used 43833K [0x0000000783000000, 0x000000078b580000, 0x00000007d6500000)
  object space 136704K, 32% used [0x0000000783000000,0x0000000785ace440,0x000000078b580000)
 PSPermGen       total 21504K, used 18728K [0x0000000778a00000, 0x0000000779f00000, 0x0000000783000000)
  object space 21504K, 87% used [0x0000000778a00000,0x0000000779c4a070,0x0000000779f00000)
Event: 259.342 GC heap after
Heap after GC invocations=14 (full 0):
 PSYoungGen      total 386048K, used 6858K [0x00000007d6500000, 0x00000007eed00000, 0x0000000800000000)
  eden space 370688K, 0% used [0x00000007d6500000,0x00000007d6500000,0x00000007ecf00000)
  from space 15360K, 44% used [0x00000007ede00000,0x00000007ee4b29f8,0x00000007eed00000)
  to   space 15360K, 0% used [0x00000007ecf00000,0x00000007ecf00000,0x00000007ede00000)
 ParOldGen       total 136704K, used 51239K [0x0000000783000000, 0x000000078b580000, 0x00000007d6500000)
  object space 136704K, 37% used [0x0000000783000000,0x0000000786209dd0,0x000000078b580000)
 PSPermGen       total 21504K, used 18728K [0x0000000778a00000, 0x0000000779f00000, 0x0000000783000000)
  object space 21504K, 87% used [0x0000000778a00000,0x0000000779c4a070,0x0000000779f00000)
}
Event: 264.451 GC heap before
{Heap before GC invocations=15 (full 0):
 PSYoungGen      total 386048K, used 377428K [0x00000007d6500000, 0x00000007eed00000, 0x0000000800000000)
  eden space 370688K, 99% used [0x00000007d6500000,0x00000007ecee26d8,0x00000007ecf00000)
  from space 15360K, 44% used [0x00000007ede00000,0x00000007ee4b29f8,0x00000007eed00000)
  to   space 15360K, 0% used [0x00000007ecf00000,0x00000007ecf00000,0x00000007ede00000)
 ParOldGen       total 136704K, used 51239K [0x0000000783000000, 0x000000078b580000, 0x00000007d6500000)
  object space 136704K, 37% used [0x0000000783000000,0x0000000786209dd0,0x000000078b580000)
 PSPermGen       total 21504K, used 18751K [0x0000000778a00000, 0x0000000779f00000, 0x0000000783000000)
  object space 21504K, 87% used [0x0000000778a00000,0x0000000779c4fff8,0x0000000779f00000)

